0:100  0:100  MemLog inited, TSC freq: 1605146170
0:100  0:000  CPU was calibrated with RTC
0:100  0:000  CloverX64 : Image base = 0x74304000
0:100  0:000  Clover ImageHandle = 7ad48b18
0:101  0:001  === [ Starting Clover ] =========================
0:101  0:000  Now is 09.02.2022,  11:00:28 (GMT)
0:101  0:000  Starting Clover revision: 5144 (master, commit 08b24e564) on INSYDE Corp. EFI
0:101  0:000  Build id: 20220128222933-08b24e5-5144-dirty
0:101  0:000  Build with: [Args: -D NO_GRUB_DRIVERS_EMBEDDED -D LESS_DEBUG -t GCC53 | --cmd-len=50000 -D NO_GRUB_DRIVERS_EMBEDDED -D LESS_DEBUG --conf=/Users/sergey/src/CloverBootloader/Conf -D USE_LOW_EBDA -a X64 -b RELEASE -t GCC53 -n 5 | OS: 12.3]
0:101  0:000  === [ Get Smbios ] ==============================
0:114  0:013  Type 16 Index = 0
0:114  0:000  Total Memory Slots Count = 2
0:114  0:000  Type 17 Index = 0
0:114  0:000  SmbiosTable.Type17->SlotIndex = 0
0:114  0:000  SmbiosTable.Type17->ModuleSize = 2048MB
0:114  0:000  SmbiosTable.Type17->Type = 0
0:114  0:000  SmbiosTable.Type17->Frequency = 1867MHz
0:114  0:000  SmbiosTable.Type17->Bank/Device = BANK 0 ChannelA-DIMM0
0:114  0:000  SmbiosTable.Type17->Vendor = Samsung
0:114  0:000  SmbiosTable.Type17->SerialNo = 55000000
0:114  0:000  SmbiosTable.Type17->PartNo = K3QF3F30BM-AGCF
0:114  0:000  Type 17 Index = 1
0:114  0:000  SmbiosTable.Type17->SlotIndex = 1
0:114  0:000  SmbiosTable.Type17->ModuleSize = 2048MB
0:114  0:000  SmbiosTable.Type17->Type = 0
0:114  0:000  SmbiosTable.Type17->Frequency = 1867MHz
0:114  0:000  SmbiosTable.Type17->Bank/Device = BANK 2 ChannelB-DIMM0
0:114  0:000  SmbiosTable.Type17->Vendor = Samsung
0:114  0:000  SmbiosTable.Type17->SerialNo = 55000000
0:114  0:000  SmbiosTable.Type17->PartNo = K3QF3F30BM-AGCF
0:114  0:000  Boot status=0
0:114  0:000  Running on: 'TM1607' with board 'TM1607'
0:114  0:000  === [ GetCPUProperties ] ========================
0:114  0:000  CPU Vendor = 756E6547 Model=806E9
0:114  0:000   The CPU supported SSE4.1
0:114  0:000   The CPU supported RDRAND
0:114  0:000  BrandString = Intel(R) Core(TM) m3-7Y30 CPU @ 1.00GHz
0:114  0:000   The CPU supported turbo
0:114  0:000   Energy PerfBias is  visible:
0:114  0:000  MSR 0x35               20004
0:114  0:000   TSC/CCC Information Leaf:
0:114  0:000    numerator     : 134
0:114  0:000    denominator   : 2
0:114  0:000   Calibrated ARTFrequency: 23957405
0:114  0:000   Rounded ARTFrequency: 24000000
0:114  0:000  MSR 0xE2 before patch 7E000007
0:114  0:000  MSR 0xCE              0004043D_F1011000
0:114  0:000  corrected FLEX_RATIO = 0
0:114  0:000  MSR 0x1B0             00000000
0:114  0:000  FSBFrequency = 69 MHz, DMI FSBFrequency = 100 MHz, Corrected FSBFrequency = 100 MHz
0:114  0:000  MaxDiv/MinDiv: 16.0/4
0:114  0:000  Turbo: 24/24/24/26
0:114  0:000  Features: 0x77FAFBBFBFEBFBFF
0:114  0:000  Threads: 4
0:114  0:000  Cores: 2
0:114  0:000  FSB: 100 MHz
0:114  0:000  CPU: 1100 MHz
0:114  0:000  TSC: 1100 MHz
0:114  0:000  PIS: 100 MHz
0:114  0:000  ExternalClock: 25 MHz
0:114  0:000  === [ GetDevices ] ==============================
0:114  0:000  Found more than one GOP protocol ??? Using the first one
0:114  0:000  GOP found at: 
0:114  0:000  PCI (00|00:00.00) : 8086 590C class=060000
0:114  0:000  PCI (00|00:02.00) : 8086 591E class=030000
0:114  0:000   - GFX: Model=Intel HD Graphics 615 (Intel)
0:114  0:000  PCI (00|00:04.00) : 8086 1903 class=118000
0:114  0:000  PCI (00|00:08.00) : 8086 1911 class=088000
0:114  0:000  PCI (00|00:14.00) : 8086 9D2F class=0C0330
0:114  0:000  PCI (00|00:15.00) : 8086 9D60 class=118000
0:114  0:000  PCI (00|00:16.00) : 8086 9D3A class=078000
0:114  0:000  PCI (00|00:17.00) : 8086 9D03 class=010601
0:114  0:000  PCI (00|00:1C.00) : 8086 9D10 class=060400
0:114  0:000  PCI (00|01:00.00) : 15B7 5009 class=010802
0:114  0:000  PCI (00|00:1D.00) : 8086 9D18 class=060400
0:114  0:000  PCI (00|02:00.00) : 8086 24FD class=028000
0:114  0:000   - WIFI: Vendor= Intel
0:115  0:000  PCI (00|00:1F.00) : 8086 9D56 class=060100
0:115  0:000  PCI (00|00:1F.02) : 8086 9D21 class=058000
0:115  0:000  PCI (00|00:1F.03) : 8086 9D71 class=040300
0:115  0:000  PCI (00|00:1F.04) : 8086 9D23 class=0C0500
0:115  0:000  _checkOEMPath Look for oem dir at path '\EFI\CLOVER\OEM\TM1607\UEFI'. Dir doesn't exist.
0:115  0:000  _checkOEMPath Look for oem dir at path '\EFI\CLOVER\OEM\TM1607'. Dir doesn't exist.
0:115  0:000  _checkOEMPath Look for oem dir at path '\EFI\CLOVER\OEM\TM1607-1100'. Dir doesn't exist.
0:115  0:000  _checkOEMPath Look for oem dir at path '\EFI\CLOVER\OEM\TM1607'. Dir doesn't exist.
0:115  0:000  _checkOEMPath Look for oem dir at path '\EFI\CLOVER\OEM\TM1607-1100'. Dir doesn't exist.
0:116  0:000  === [ GetUserSettings ] =========================
0:116  0:000  GetDefaultModel()=MacBook10,1
0:116  0:000  Using config.plist at path: \EFI\CLOVER
0:118  0:001  Cannot find smbios.plist at path '\EFI\CLOVER' : Not Found
0:118  0:000  '\EFI\CLOVER\smbios.plist' not loaded. Efi error Not Found
0:118  0:000  Using latest BiosVersion from config instead of default 'MB101.88Z.F000.B00.2106131834'
0:118  0:000  Using latest BiosReleaseDate from config instead of default '06/13/2021'
0:118  0:000  BiosVersion: MB101.88Z.F000.B00.1910301943
0:118  0:000  BiosReleaseDate: 10/30/2019
0:118  0:000  EfiVersion: 429.140.8.0.0
0:118  0:000  Calibrated TSC Frequency = 1605146170 = 1605MHz
0:134  0:016  === [ GetListOfThemes ] =========================
0:134  0:000  - [00]: Purple_Swirl
0:136  0:001  === [ Found config plists ] =====================
0:136  0:000  - config_bak.plist
0:136  0:000  - config.plist
0:136  0:000  === [ LoadDrivers ] =============================
0:137  0:000  Loading FSInject.efi status=Success
0:140  0:003  Loading ApfsDriverLoader.efi status=Success
0:144  0:003   - driver needs connecting
0:144  0:000  Loading VirtualSmc.efi status=Success
0:248  0:104  1 drivers needs connecting ...
0:248  0:000  PlatformDriverOverrideProtocol->GetDriver overriden
0:248  0:000  APFS driver loaded
0:249  0:000  Searching for invalid DiskIo BY_DRIVER connects: not found, all ok
0:621  0:372  === [ InitScreen ] ==============================
0:621  0:000  Console modes reported: 7, available modes:
0:621  0:000   - [01]: 80x25
0:621  0:000   - [02]: 80x50
0:621  0:000   - [03]: 80x25
0:621  0:000   - [04]: 240x56 (current mode)
0:621  0:000   - [05]: 100x31
0:621  0:000   - [06]: 128x40
0:621  0:000   - [07]: 160x53
0:621  0:000  SetScreenResolution: 1920x1080 - already set
0:621  0:000  SetScreenResolution: 1920x1080 - already set
0:622  0:000  === [ ScanSPD ] =================================
0:622  0:000  Scanning SMBus [8086:9D23], mmio: 0xB1236004, ioport: 0x3040, hostc: 0x11
0:623  0:001  === [ GetAcpiTablesList ] =======================
0:644  0:021  Get Acpi Tables List from RSDT:
0:644  0:000   - [00]: FACP  XMCC1607 len=268
0:644  0:000   - [01]: UEFI  XMCC1607 len=566
0:644  0:000   - [02]: UEFI  XMCC1607 len=66
0:644  0:000   - [03]: MSDM  XMCC1607 len=85
0:644  0:000   - [04]: SSDT  XMCC1607 len=1219
0:644  0:000   - [05]: SSDT  XMCC1607 len=70
0:644  0:000   - [06]: TPM2  XMCC1607 len=52
0:644  0:000   - [07]: SSDT  XMCC1607 len=12592
0:644  0:000   - [08]: SSDT  XMCC1607 len=15212
0:644  0:000   - [09]: ASF!  XMCC1607 len=165
0:644  0:000   - [10]: ASPT  XMCC1607 len=52
0:644  0:000   - [11]: BOOT  XMCC1607 len=40
0:644  0:000   - [12]: DBGP  XMCC1607 len=52
0:644  0:000   - [13]: HPET  XMCC1607 len=56
0:644  0:000   - [14]: APIC  XMCC1607 len=188
0:644  0:000   - [15]: MCFG  XMCC1607 len=60
0:644  0:000   - [16]: SSDT  XMCC1607 len=995
0:644  0:000   - [17]: SSDT  XMCC1607 len=444
0:644  0:000   - [18]: LPIT  XMCC1607 len=148
0:644  0:000   - [19]: WSMT  XMCC1607 len=40
0:644  0:000   - [20]: SSDT  XMCC1607 len=671
0:644  0:000   - [21]: SSDT  XMCC1607 len=838
0:644  0:000   - [22]: SSDT  XMCC1607 len=12290
0:644  0:000   - [23]: SSDT  XMCC1607 len=1310
0:644  0:000   - [24]: DBGP  XMCC1607 len=52
0:644  0:000   - [25]: DBG2  XMCC1607 len=84
0:644  0:000   - [26]: SSDT  XMCC1607 len=4272
0:644  0:000   - [27]: SSDT  XMCC1607 len=3806
0:644  0:000   - [28]: DMAR  XMCC1607 len=204
0:644  0:000   - [29]: FPDT  XMCC1607 len=68
0:644  0:000   - [30]: BGRT  XMCC1607 len=56
0:645  0:000  Custom boot CUSTOM_BOOT_DISABLED (0x0)
0:645  0:000  Sub entry custom boot CUSTOM_BOOT_DISABLED (0x7A0E9B10)
0:645  0:000  Sub entry custom boot CUSTOM_BOOT_DISABLED (0x7A0E93D0)
0:645  0:000  Default theme: Purple_Swirl
0:645  0:000  === [ Found DSDT tables ] =======================
0:645  0:000  === [ InitKextList ] ============================
0:718  0:073  === [ ScanVolumes ] =============================
0:718  0:000  Found 15 volumes with blockIO
0:718  0:000  - [00]: Volume: PciRoot(0x0)\Pci(0x17,0x0)\Sata(0x1,0x0,0x0)
0:720  0:001  - [01]: Volume: PciRoot(0x0)\Pci(0x17,0x0)\Sata(0x1,0x0,0x0)\HD(1,GPT,7042D5B5-DE80-4692-ADBB-068A631B0C8E,0x800,0x96000)
0:720  0:000          Result of bootcode detection: bootable Windows (win)
0:720  0:000            label : ESP
0:720  0:000  - [02]: Volume: PciRoot(0x0)\Pci(0x17,0x0)\Sata(0x1,0x0,0x0)\HD(2,GPT,A3E3B690-DC3A-46E5-83FE-9C49DDADF361,0x97000,0x40000)
0:720  0:000  - [03]: Volume: PciRoot(0x0)\Pci(0x17,0x0)\Sata(0x1,0x0,0x0)\HD(3,GPT,5E0AD549-11C3-4176-A527-9DE8814E49F2,0xD7000,0x7800800)
0:721  0:000          Result of bootcode detection: bootable Windows (vista,win)
0:721  0:000  - [04]: Volume: PciRoot(0x0)\Pci(0x17,0x0)\Sata(0x1,0x0,0x0)\HD(4,GPT,89DD4600-FB0D-4713-8ACA-00922E2F8CA9,0x78D7800,0x11816800)
0:721  0:000          Result of bootcode detection: bootable Windows (vista,win)
0:721  0:000  - [05]: Volume: PciRoot(0x0)\Pci(0x17,0x0)\Sata(0x1,0x0,0x0)\HD(5,GPT,D78C5C8B-7D6C-4F72-80A9-7E99F91AFBE2,0x190EE000,0x4C05000)
0:721  0:000          Result of bootcode detection: bootable unknown (legacy)
0:722  0:000  - [06]: Volume: PciRoot(0x0)\Pci(0x1C,0x0)\Pci(0x0,0x0)\NVMe(0x1,F7-39-D4-46-4A-44-1B-00)
0:722  0:000  - [07]: Volume: PciRoot(0x0)\Pci(0x1C,0x0)\Pci(0x0,0x0)\NVMe(0x1,F7-39-D4-46-4A-44-1B-00)\HD(1,GPT,B2C97A60-D656-4E73-A379-3E30CCD1589D,0x28,0x64000)
0:722  0:000          Result of bootcode detection: bootable unknown (legacy)
0:723  0:000            label : EFI
0:723  0:000          This is SelfVolume !!
0:723  0:000  - [08]: Volume: PciRoot(0x0)\Pci(0x1C,0x0)\Pci(0x0,0x0)\NVMe(0x1,F7-39-D4-46-4A-44-1B-00)\HD(2,GPT,E4B7A7A3-795D-443D-A44A-323AFA9499B9,0x64028,0x1D161920)
0:723  0:000          Result of bootcode detection: bootable unknown (legacy)
0:723  0:000  - [09]: Volume: PciRoot(0x0)\Pci(0x1C,0x0)\Pci(0x0,0x0)\NVMe(0x1,F7-39-D4-46-4A-44-1B-00)\HD(2,GPT,E4B7A7A3-795D-443D-A44A-323AFA9499B9,0x64028,0x1D161920)\VenMedia(BE74FCF7-0B7C-49F3-9147-01F4042E6842,E3B9E5E11E3D8F4CBB74398DB217D184)
0:723  0:000            apfsFileSystemUUID=E1E5B9E3-3D1E-4C8F-BB74-398DB217D184, ApfsContainerUUID=E5C4D9AB-4D42-4286-B4D5-8838655B3432, ApfsRole=0x10
0:723  0:000            label : Preboot
0:723  0:000  - [10]: Volume: PciRoot(0x0)\Pci(0x1C,0x0)\Pci(0x0,0x0)\NVMe(0x1,F7-39-D4-46-4A-44-1B-00)\HD(2,GPT,E4B7A7A3-795D-443D-A44A-323AFA9499B9,0x64028,0x1D161920)\VenMedia(BE74FCF7-0B7C-49F3-9147-01F4042E6842,5AE484A88D7894409D189DBB15B90C7D)
0:723  0:000            apfsFileSystemUUID=A884E45A-788D-4094-9D18-9DBB15B90C7D, ApfsContainerUUID=E5C4D9AB-4D42-4286-B4D5-8838655B3432, ApfsRole=0x40
0:728  0:005            label : MacOS - 数据
0:728  0:000  - [11]: Volume: PciRoot(0x0)\Pci(0x1C,0x0)\Pci(0x0,0x0)\NVMe(0x1,F7-39-D4-46-4A-44-1B-00)\HD(2,GPT,E4B7A7A3-795D-443D-A44A-323AFA9499B9,0x64028,0x1D161920)\VenMedia(BE74FCF7-0B7C-49F3-9147-01F4042E6842,2F69D29636C0664E89D981D33D25F58B)
0:729  0:000            apfsFileSystemUUID=96D2692F-C036-4E66-89D9-81D33D25F58B, ApfsContainerUUID=E5C4D9AB-4D42-4286-B4D5-8838655B3432, ApfsRole=0x4
0:729  0:000            label : Recovery
0:729  0:000  - [12]: Volume: PciRoot(0x0)\Pci(0x1C,0x0)\Pci(0x0,0x0)\NVMe(0x1,F7-39-D4-46-4A-44-1B-00)\HD(2,GPT,E4B7A7A3-795D-443D-A44A-323AFA9499B9,0x64028,0x1D161920)\VenMedia(BE74FCF7-0B7C-49F3-9147-01F4042E6842,59BFF09C514F9141AE330E50C6CDD1AA)
0:729  0:000            apfsFileSystemUUID=9CF0BF59-4F51-4191-AE33-0E50C6CDD1AA, ApfsContainerUUID=E5C4D9AB-4D42-4286-B4D5-8838655B3432, ApfsRole=0x8
0:729  0:000            label : VM
0:729  0:000  - [13]: Volume: PciRoot(0x0)\Pci(0x1C,0x0)\Pci(0x0,0x0)\NVMe(0x1,F7-39-D4-46-4A-44-1B-00)\HD(2,GPT,E4B7A7A3-795D-443D-A44A-323AFA9499B9,0x64028,0x1D161920)\VenMedia(BE74FCF7-0B7C-49F3-9147-01F4042E6842,7F1810859A541A47B0101A223FD214DE)
0:729  0:000            apfsFileSystemUUID=8510187F-549A-471A-B010-1A223FD214DE, ApfsContainerUUID=E5C4D9AB-4D42-4286-B4D5-8838655B3432, ApfsRole=0x1
0:733  0:003            label : MacOS
0:733  0:000  - [14]: Volume: PciRoot(0x0)\Pci(0x1C,0x0)\Pci(0x0,0x0)\NVMe(0x1,F7-39-D4-46-4A-44-1B-00)\HD(2,GPT,E4B7A7A3-795D-443D-A44A-323AFA9499B9,0x64028,0x1D161920)\VenMedia(BE74FCF7-0B7C-49F3-9147-01F4042E6842,8D709E0A16C6BB4F9FE878597F7F0FA4)
0:733  0:000            apfsFileSystemUUID=0A9E708D-C616-4FBB-9FE8-78597F7F0FA4, ApfsContainerUUID=E5C4D9AB-4D42-4286-B4D5-8838655B3432, ApfsRole=0xc0
0:734  0:000            label : Update
0:734  0:000  No AudioIoProtocols, status=Not Found
0:734  0:000  === [ InitXTheme ] ==============================
0:734  0:000  use Daylight theme
0:775  0:040  Theme view-bounds: w=2560.000000 h=1440.000000 units=px
0:775  0:000  using scale 0.750000
0:926  0:151   Background parsed [1920, 1080]
0:926  0:000  Banner position at parse [920,299]
0:927  0:000   parsed banner->width=96 height=73
0:990  0:063  Using vector theme 'Purple_Swirl' (Purple_Swirl)
0:990  0:000  chosen theme Purple_Swirl
0:990  0:000  sound play end with status=Device Error
0:990  0:000  theme inited
0:990  0:000  Chosen theme Purple_Swirl
0:990  0:000  after NVRAM boot-args=
0:990  0:000  === [ Dump SMC keys from NVRAM ] ================
0:990  0:000  found AppleSMC protocol
1:017  0:026  === [ AddCustomEntries ] ========================
1:017  0:000  - [00]: 'Monterey'
1:017  0:000      Checking volume "ESP" (PciRoot(0x0)\Pci(0x17,0x0)\Sata(0x1,0x0,0x0)\HD(1,GPT,7042D5B5-DE80-4692-ADBB-068A631B0C8E,0x800,0x96000)) ... skipped because volume does not match
1:017  0:000      Checking volume "EFI" (PciRoot(0x0)\Pci(0x1C,0x0)\Pci(0x0,0x0)\NVMe(0x1,F7-39-D4-46-4A-44-1B-00)\HD(1,GPT,B2C97A60-D656-4E73-A379-3E30CCD1589D,0x28,0x64000)) ... skipped because volume does not match
1:017  0:000      Checking volume "Preboot" (PciRoot(0x0)\Pci(0x1C,0x0)\Pci(0x0,0x0)\NVMe(0x1,F7-39-D4-46-4A-44-1B-00)\HD(2,GPT,E4B7A7A3-795D-443D-A44A-323AFA9499B9,0x64028,0x1D161920)\VenMedia(BE74FCF7-0B7C-49F3-9147-01F4042E6842,E3B9E5E11E3D8F4CBB74398DB217D184)) ... match!
1:018  0:001        OSVersion=12.2 
1:018  0:000        Check if volume Is Hibernated:
1:018  0:000        Check sleep image 'by signature':
1:018  0:000        using default sleep image name = \private\var\vm\sleepimage
1:018  0:000        cannot open sleepimage -> Not Found
1:018  0:000        hibernated: no - sign
1:018  0:000        IconName=monterey,mac comma=8 size=12
1:018  0:000        first=os_monterey
1:019  0:000        Show badge as OSImage.
1:019  0:000        Loader entry created for 'PciRoot(0x0)\Pci(0x1C,0x0)\Pci(0x0,0x0)\NVMe(0x1,F7-39-D4-46-4A-44-1B-00)\HD(2,GPT,E4B7A7A3-795D-443D-A44A-323AFA9499B9,0x64028,0x1D161920)\VenMedia(BE74FCF7-0B7C-49F3-9147-01F4042E6842,E3B9E5E11E3D8F4CBB74398DB217D184)\A884E45A-788D-4094-9D18-9DBB15B90C7D\System\Library\CoreServices\boot.efi'
1:019  0:000      Checking volume "MacOS - 数据" (PciRoot(0x0)\Pci(0x1C,0x0)\Pci(0x0,0x0)\NVMe(0x1,F7-39-D4-46-4A-44-1B-00)\HD(2,GPT,E4B7A7A3-795D-443D-A44A-323AFA9499B9,0x64028,0x1D161920)\VenMedia(BE74FCF7-0B7C-49F3-9147-01F4042E6842,5AE484A88D7894409D189DBB15B90C7D)) ... skipped because path '\A884E45A-788D-4094-9D18-9DBB15B90C7D\System\Library\CoreServices\boot.efi' does not exist
1:019  0:000      Checking volume "Recovery" (PciRoot(0x0)\Pci(0x1C,0x0)\Pci(0x0,0x0)\NVMe(0x1,F7-39-D4-46-4A-44-1B-00)\HD(2,GPT,E4B7A7A3-795D-443D-A44A-323AFA9499B9,0x64028,0x1D161920)\VenMedia(BE74FCF7-0B7C-49F3-9147-01F4042E6842,2F69D29636C0664E89D981D33D25F58B)) ... skipped because path '\A884E45A-788D-4094-9D18-9DBB15B90C7D\System\Library\CoreServices\boot.efi' does not exist
1:019  0:000      Checking volume "VM" (PciRoot(0x0)\Pci(0x1C,0x0)\Pci(0x0,0x0)\NVMe(0x1,F7-39-D4-46-4A-44-1B-00)\HD(2,GPT,E4B7A7A3-795D-443D-A44A-323AFA9499B9,0x64028,0x1D161920)\VenMedia(BE74FCF7-0B7C-49F3-9147-01F4042E6842,59BFF09C514F9141AE330E50C6CDD1AA)) ... skipped because path '\A884E45A-788D-4094-9D18-9DBB15B90C7D\System\Library\CoreServices\boot.efi' does not exist
1:019  0:000      Checking volume "MacOS" (PciRoot(0x0)\Pci(0x1C,0x0)\Pci(0x0,0x0)\NVMe(0x1,F7-39-D4-46-4A-44-1B-00)\HD(2,GPT,E4B7A7A3-795D-443D-A44A-323AFA9499B9,0x64028,0x1D161920)\VenMedia(BE74FCF7-0B7C-49F3-9147-01F4042E6842,7F1810859A541A47B0101A223FD214DE)) ... skipped because path '\A884E45A-788D-4094-9D18-9DBB15B90C7D\System\Library\CoreServices\boot.efi' does not exist
1:019  0:000      Checking volume "Update" (PciRoot(0x0)\Pci(0x1C,0x0)\Pci(0x0,0x0)\NVMe(0x1,F7-39-D4-46-4A-44-1B-00)\HD(2,GPT,E4B7A7A3-795D-443D-A44A-323AFA9499B9,0x64028,0x1D161920)\VenMedia(BE74FCF7-0B7C-49F3-9147-01F4042E6842,8D709E0A16C6BB4F9FE878597F7F0FA4)) ... skipped because path '\A884E45A-788D-4094-9D18-9DBB15B90C7D\System\Library\CoreServices\boot.efi' does not exist
1:019  0:000  - [00]: 'Win11'
1:019  0:000      Checking volume "ESP" (PciRoot(0x0)\Pci(0x17,0x0)\Sata(0x1,0x0,0x0)\HD(1,GPT,7042D5B5-DE80-4692-ADBB-068A631B0C8E,0x800,0x96000)) ... skipped because volume does not match
1:019  0:000      Checking volume "EFI" (PciRoot(0x0)\Pci(0x1C,0x0)\Pci(0x0,0x0)\NVMe(0x1,F7-39-D4-46-4A-44-1B-00)\HD(1,GPT,B2C97A60-D656-4E73-A379-3E30CCD1589D,0x28,0x64000)) ... match!
1:020  0:000        OSVersion= 
1:020  0:000        IconName=vista,win comma=5 size=9
1:020  0:000        first=os_vista
1:021  0:000        Show badge as OSImage.
1:021  0:000        Loader entry created for 'PciRoot(0x0)\Pci(0x1C,0x0)\Pci(0x0,0x0)\NVMe(0x1,F7-39-D4-46-4A-44-1B-00)\HD(1,GPT,B2C97A60-D656-4E73-A379-3E30CCD1589D,0x28,0x64000)\EFI\microsoft\Boot\bootmgfw.efi'
1:021  0:000      Checking volume "Preboot" (PciRoot(0x0)\Pci(0x1C,0x0)\Pci(0x0,0x0)\NVMe(0x1,F7-39-D4-46-4A-44-1B-00)\HD(2,GPT,E4B7A7A3-795D-443D-A44A-323AFA9499B9,0x64028,0x1D161920)\VenMedia(BE74FCF7-0B7C-49F3-9147-01F4042E6842,E3B9E5E11E3D8F4CBB74398DB217D184)) ...   - search volume 'B2C97A60-D656-4E73-A379-3E30CCD1589D', but MediaPath 'E1E5B9E3-3D1E-4C8F-BB74-398DB217D184' 
1:021  0:000  skipped because volume does not match
1:021  0:000      Checking volume "MacOS - 数据" (PciRoot(0x0)\Pci(0x1C,0x0)\Pci(0x0,0x0)\NVMe(0x1,F7-39-D4-46-4A-44-1B-00)\HD(2,GPT,E4B7A7A3-795D-443D-A44A-323AFA9499B9,0x64028,0x1D161920)\VenMedia(BE74FCF7-0B7C-49F3-9147-01F4042E6842,5AE484A88D7894409D189DBB15B90C7D)) ...   - search volume 'B2C97A60-D656-4E73-A379-3E30CCD1589D', but MediaPath 'A884E45A-788D-4094-9D18-9DBB15B90C7D' 
1:021  0:000  skipped because volume does not match
1:021  0:000      Checking volume "Recovery" (PciRoot(0x0)\Pci(0x1C,0x0)\Pci(0x0,0x0)\NVMe(0x1,F7-39-D4-46-4A-44-1B-00)\HD(2,GPT,E4B7A7A3-795D-443D-A44A-323AFA9499B9,0x64028,0x1D161920)\VenMedia(BE74FCF7-0B7C-49F3-9147-01F4042E6842,2F69D29636C0664E89D981D33D25F58B)) ...   - search volume 'B2C97A60-D656-4E73-A379-3E30CCD1589D', but MediaPath '96D2692F-C036-4E66-89D9-81D33D25F58B' 
1:021  0:000  skipped because volume does not match
1:021  0:000      Checking volume "VM" (PciRoot(0x0)\Pci(0x1C,0x0)\Pci(0x0,0x0)\NVMe(0x1,F7-39-D4-46-4A-44-1B-00)\HD(2,GPT,E4B7A7A3-795D-443D-A44A-323AFA9499B9,0x64028,0x1D161920)\VenMedia(BE74FCF7-0B7C-49F3-9147-01F4042E6842,59BFF09C514F9141AE330E50C6CDD1AA)) ...   - search volume 'B2C97A60-D656-4E73-A379-3E30CCD1589D', but MediaPath '9CF0BF59-4F51-4191-AE33-0E50C6CDD1AA' 
1:021  0:000  skipped because volume does not match
1:021  0:000      Checking volume "MacOS" (PciRoot(0x0)\Pci(0x1C,0x0)\Pci(0x0,0x0)\NVMe(0x1,F7-39-D4-46-4A-44-1B-00)\HD(2,GPT,E4B7A7A3-795D-443D-A44A-323AFA9499B9,0x64028,0x1D161920)\VenMedia(BE74FCF7-0B7C-49F3-9147-01F4042E6842,7F1810859A541A47B0101A223FD214DE)) ...   - search volume 'B2C97A60-D656-4E73-A379-3E30CCD1589D', but MediaPath '8510187F-549A-471A-B010-1A223FD214DE' 
1:021  0:000  skipped because volume does not match
1:021  0:000      Checking volume "Update" (PciRoot(0x0)\Pci(0x1C,0x0)\Pci(0x0,0x0)\NVMe(0x1,F7-39-D4-46-4A-44-1B-00)\HD(2,GPT,E4B7A7A3-795D-443D-A44A-323AFA9499B9,0x64028,0x1D161920)\VenMedia(BE74FCF7-0B7C-49F3-9147-01F4042E6842,8D709E0A16C6BB4F9FE878597F7F0FA4)) ...   - search volume 'B2C97A60-D656-4E73-A379-3E30CCD1589D', but MediaPath '0A9E708D-C616-4FBB-9FE8-78597F7F0FA4' 
1:021  0:000  skipped because volume does not match
1:021  0:000  === [ ScanLoader ] ==============================
1:021  0:000  - [01]: 'ESP'
1:021  0:000  - [07]: 'EFI'
1:022  0:001        AddLoaderEntry for Volume Name=EFI, idx=2
1:022  0:000        skipped because path `PciRoot(0x0)\Pci(0x1C,0x0)\Pci(0x0,0x0)\NVMe(0x1,F7-39-D4-46-4A-44-1B-00)\HD(1,GPT,B2C97A60-D656-4E73-A379-3E30CCD1589D,0x28,0x64000)\EFI\microsoft\Boot\bootmgfw.efi` already exists for another entry!
1:024  0:001    found entry fedora,linux
1:024  0:000        AddLoaderEntry for Volume Name=EFI, idx=2
1:024  0:000        OSVersion= 
1:024  0:000        linux image not found
1:024  0:000        IconName=linux comma=-1 size=5
1:024  0:000        Full=linux
1:025  0:000        Show badge as OSImage.
1:025  0:000        Loader entry created for 'PciRoot(0x0)\Pci(0x1C,0x0)\Pci(0x0,0x0)\NVMe(0x1,F7-39-D4-46-4A-44-1B-00)\HD(1,GPT,B2C97A60-D656-4E73-A379-3E30CCD1589D,0x28,0x64000)\EFI\fedora\grubx64.efi'
1:025  0:000        Menu entry added at index 2
1:025  0:000        AddLoaderEntry for Volume Name=EFI, idx=3
1:026  0:000        OSVersion= 
1:026  0:000        IconName=unknown comma=-1 size=7
1:026  0:000        Full=unknown
1:026  0:000        Show badge as OSImage.
1:026  0:000        Loader entry created for 'PciRoot(0x0)\Pci(0x1C,0x0)\Pci(0x0,0x0)\NVMe(0x1,F7-39-D4-46-4A-44-1B-00)\HD(1,GPT,B2C97A60-D656-4E73-A379-3E30CCD1589D,0x28,0x64000)\EFI\BOOT\BOOTX64.efi'
1:026  0:000        Menu entry added at index 3
1:026  0:000       hiding entry because DiskKind is DISK_KIND_INTERNAL: \EFI\BOOT\BOOTX64.efi
1:026  0:000  - [09]: 'Preboot'
1:026  0:000      ApfsContainerUUID=E5C4D9AB-4D42-4286-B4D5-8838655B3432
1:026  0:000      ApfsFileSystemUUID=E1E5B9E3-3D1E-4C8F-BB74-398DB217D184
1:026  0:000      APFSTargetUUID=A884E45A-788D-4094-9D18-9DBB15B90C7D
1:027  0:000        contentDetails name:MacOS
1:027  0:000        AddLoaderEntry for Volume Name=Preboot, idx=4
1:027  0:000        skipped because path `PciRoot(0x0)\Pci(0x1C,0x0)\Pci(0x0,0x0)\NVMe(0x1,F7-39-D4-46-4A-44-1B-00)\HD(2,GPT,E4B7A7A3-795D-443D-A44A-323AFA9499B9,0x64028,0x1D161920)\VenMedia(BE74FCF7-0B7C-49F3-9147-01F4042E6842,E3B9E5E11E3D8F4CBB74398DB217D184)\A884E45A-788D-4094-9D18-9DBB15B90C7D\System\Library\CoreServices\boot.efi` already exists for another entry!
1:028  0:000  - [10]: 'MacOS - 数据'
1:028  0:000      ApfsContainerUUID=E5C4D9AB-4D42-4286-B4D5-8838655B3432
1:028  0:000      ApfsFileSystemUUID=A884E45A-788D-4094-9D18-9DBB15B90C7D
1:028  0:000  - [11]: 'Recovery'
1:028  0:000      ApfsContainerUUID=E5C4D9AB-4D42-4286-B4D5-8838655B3432
1:028  0:000      ApfsFileSystemUUID=96D2692F-C036-4E66-89D9-81D33D25F58B
1:029  0:000      APFSTargetUUID=A884E45A-788D-4094-9D18-9DBB15B90C7D
1:029  0:000        contentDetails name:MacOS
1:030  0:000        AddLoaderEntry for Volume Name=Recovery, idx=4
1:030  0:000        OSVersion=12.2 
1:030  0:000        IconName=monterey,mac comma=8 size=12
1:031  0:000        first=os_monterey
1:031  0:000        Show badge as OSImage.
1:031  0:000        Loader entry created for 'PciRoot(0x0)\Pci(0x1C,0x0)\Pci(0x0,0x0)\NVMe(0x1,F7-39-D4-46-4A-44-1B-00)\HD(2,GPT,E4B7A7A3-795D-443D-A44A-323AFA9499B9,0x64028,0x1D161920)\VenMedia(BE74FCF7-0B7C-49F3-9147-01F4042E6842,2F69D29636C0664E89D981D33D25F58B)\A884E45A-788D-4094-9D18-9DBB15B90C7D\BaseSystem.dmg'
1:031  0:000        Menu entry added at index 4
1:031  0:000  - [12]: 'VM'
1:031  0:000      ApfsContainerUUID=E5C4D9AB-4D42-4286-B4D5-8838655B3432
1:031  0:000      ApfsFileSystemUUID=9CF0BF59-4F51-4191-AE33-0E50C6CDD1AA
1:032  0:000  - [13]: 'MacOS'
1:032  0:000      ApfsContainerUUID=E5C4D9AB-4D42-4286-B4D5-8838655B3432
1:032  0:000      ApfsFileSystemUUID=8510187F-549A-471A-B010-1A223FD214DE
1:040  0:008  - [14]: 'Update'
1:040  0:000      ApfsContainerUUID=E5C4D9AB-4D42-4286-B4D5-8838655B3432
1:040  0:000      ApfsFileSystemUUID=0A9E708D-C616-4FBB-9FE8-78597F7F0FA4
1:041  0:000  Entries list before ordering
1:041  0:000      Entry 0 : Monterey
1:041  0:000      Entry 1 : Win11
1:041  0:000      Entry 2 : Boot Fedora Linux from EFI
1:041  0:000      Entry 3 : Boot UEFI internal from EFI (hidden)
1:041  0:000      Entry 4 : Boot Mac OS Recovery for MacOS via Recovery
1:041  0:000  Move recovery entry 4 after preboot 0
1:041  0:000  Entries after before ordering
1:041  0:000    Entry 0 : Monterey
1:041  0:000    Entry 1 : Boot Mac OS Recovery for MacOS via Recovery
1:041  0:000    Entry 2 : Win11
1:041  0:000    Entry 3 : Boot Fedora Linux from EFI
1:041  0:000    Entry 4 : Boot UEFI internal from EFI (hidden)
1:041  0:000  === [ AddCustomTool ] ===========================
1:041  0:000  === [ GetEfiBootDeviceFromNvram ] ===============
1:041  0:000   - [!] efi-boot-device-data not found
1:041  0:000   - found entry 0. 'Monterey', Volume 'Preboot', DevicePath 'PciRoot(0x0)\Pci(0x1C,0x0)\Pci(0x0,0x0)\NVMe(0x1,F7-39-D4-46-4A-44-1B-00)\HD(2,GPT,E4B7A7A3-795D-443D-A44A-323AFA9499B9,0x64028,0x1D161920)\VenMedia(BE74FCF7-0B7C-49F3-9147-01F4042E6842,E3B9E5E11E3D8F4CBB74398DB217D184)\A884E45A-788D-4094-9D18-9DBB15B90C7D\System\Library\CoreServices\boot.efi'
1:041  0:000  BannerPlace at Clear Screen [920,299]
1:152  0:110  AnimeRun=0
1:293  0:141  GUI ready
